[debug] [2018-09-29T10:50:28.862Z] ----------------------------------------------------------------------
[debug] [2018-09-29T10:50:28.867Z] Command:       /usr/local/bin/node /usr/local/bin/firebase serve
[debug] [2018-09-29T10:50:28.867Z] CLI Version:   4.2.1
[debug] [2018-09-29T10:50:28.867Z] Platform:      darwin
[debug] [2018-09-29T10:50:28.867Z] Node Version:  v8.12.0
[debug] [2018-09-29T10:50:28.869Z] Time:          Sat Sep 29 2018 12:50:28 GMT+0200 (CEST)
[debug] [2018-09-29T10:50:28.870Z] ----------------------------------------------------------------------
[debug] 
[debug] [2018-09-29T10:50:28.904Z] > command requires scopes: ["email","openid","https://www.googleapis.com/auth/cloudplatformprojects.readonly","https://www.googleapis.com/auth/firebase","https://www.googleapis.com/auth/cloud-platform"]
[debug] [2018-09-29T10:50:28.904Z] > authorizing via signed-in user
[debug] [2018-09-29T10:50:28.911Z] > refreshing access token with scopes: ["email","https://www.googleapis.com/auth/cloud-platform","https://www.googleapis.com/auth/cloudplatformprojects.readonly","https://www.googleapis.com/auth/firebase","openid"]
[debug] [2018-09-29T10:50:28.912Z] >>> HTTP REQUEST POST https://www.googleapis.com/oauth2/v3/token  

[debug] [2018-09-29T10:50:29.212Z] <<< HTTP RESPONSE 200
[debug] [2018-09-29T10:50:29.222Z] >>> HTTP REQUEST GET https://admin.firebase.com/v1/projects/calculo-2e33f  
 
[debug] [2018-09-29T10:50:30.753Z] <<< HTTP RESPONSE 200
[debug] [2018-09-29T10:50:30.755Z] >>> HTTP REQUEST GET https://cloudresourcemanager.googleapis.com/v1/projects/calculo-2e33f  
 
[debug] [2018-09-29T10:50:31.605Z] <<< HTTP RESPONSE 200
[info] 
[info] === Serving from '/Users/gaetandeschamps/Documents/School & Studies/HEI 5/Programmation fonctionnelle/Scrum/calculo'...
[info] 
[debug] [2018-09-29T10:50:31.608Z] >>> HTTP REQUEST GET https://mobilesdk-pa.googleapis.com/v1/projects/987008510425/clients/_:getWebAppConfig  
 
[debug] [2018-09-29T10:50:32.037Z] <<< HTTP RESPONSE 200
[info] i  hosting[calculo-2e33f]: Serving hosting files from: dist/calculo
[info] ✔  hosting[calculo-2e33f]: Local server: http://localhost:5000
